\BOOKMARK [1][-]{section.1}{\376\377\000F\000o\000r\000e\000c\000a\000s\000t\000\040\000e\000v\000a\000l\000u\000a\000t\000i\000o\000n\000\040\000b\000a\000c\000k\000g\000r\000o\000u\000n\000d}{}% 1
\BOOKMARK [2][-]{subsection.1.1}{\376\377\000I\000n\000t\000r\000o\000d\000u\000c\000t\000i\000o\000n}{section.1}% 2
\BOOKMARK [2][-]{subsection.1.2}{\376\377\000B\000e\000n\000c\000h\000m\000a\000r\000k\000s\000\040\000a\000n\000d\000\040\000e\000x\000a\000g\000g\000e\000r\000a\000t\000i\000n\000g\000\040\000s\000u\000c\000c\000e\000s\000s}{section.1}% 3
\BOOKMARK [2][-]{subsection.1.3}{\376\377\000E\000v\000a\000l\000u\000a\000t\000i\000o\000n\000\040\000m\000e\000t\000r\000i\000c\000s\000,\000\040\000p\000l\000o\000t\000s\000,\000\040\000a\000n\000d\000\040\000d\000a\000t\000a\000\040\000l\000e\000a\000k\000a\000g\000e}{section.1}% 4
\BOOKMARK [2][-]{subsection.1.4}{\376\377\000G\000u\000i\000d\000e\000l\000i\000n\000e\000s\000\040\000a\000n\000d\000\040\000b\000e\000s\000t\000\040\000p\000r\000a\000c\000t\000i\000c\000e\000s}{section.1}% 5
\BOOKMARK [3][-]{subsubsection.1.4.1}{\376\377\000D\000a\000t\000a\000\040\000p\000a\000r\000t\000i\000t\000i\000o\000n\000i\000n\000g}{subsection.1.4}% 6
\BOOKMARK [3][-]{subsubsection.1.4.2}{\376\377\000E\000r\000r\000o\000r\000\040\000m\000e\000a\000s\000u\000r\000e\000s}{subsection.1.4}% 7
\BOOKMARK [3][-]{subsubsection.1.4.3}{\376\377\000S\000t\000a\000t\000i\000s\000t\000i\000c\000a\000l\000\040\000s\000i\000g\000n\000i\000f\000i\000c\000a\000n\000c\000e\000\040\000t\000e\000s\000t\000s}{subsection.1.4}% 8
\BOOKMARK [2][-]{subsection.1.5}{\376\377\000C\000o\000n\000c\000l\000u\000s\000i\000o\000n}{section.1}% 9
\BOOKMARK [1][-]{section.2}{\376\377\000W\000e\000i\000g\000h\000t\000e\000d\000\040\000i\000n\000t\000e\000r\000v\000a\000l\000\040\000s\000c\000o\000r\000e\000\040\000m\000e\000t\000r\000i\000c}{}% 10
\BOOKMARK [2][-]{subsection.2.1}{\376\377\000B\000a\000c\000k\000g\000r\000o\000u\000n\000d}{section.2}% 11
\BOOKMARK [2][-]{subsection.2.2}{\376\377\000I\000n\000t\000e\000r\000v\000a\000l\000\040\000f\000o\000r\000m\000a\000t\000\040\000s\000c\000o\000r\000e\000s}{section.2}% 12
\BOOKMARK [1][-]{section.3}{\376\377\000C\000o\000d\000e\000\040\000i\000n\000v\000e\000s\000t\000i\000g\000a\000t\000i\000o\000n}{}% 13
\BOOKMARK [2][-]{subsection.3.1}{\376\377\000F\000l\000u\000s\000i\000o\000n}{section.3}% 14
\BOOKMARK [2][-]{subsection.3.2}{\376\377\000L\000o\000c\000a\000l\000-\000L\000e\000v\000e\000l\000-\000F\000o\000r\000e\000c\000a\000s\000t\000i\000n\000g}{section.3}% 15
\BOOKMARK [3][-]{subsubsection.3.2.1}{\376\377\000f\000o\000r\000e\000c\000a\000s\000t\000\137\000m\000o\000d\000e\000l\000.\000p\000y}{subsection.3.2}% 16
\BOOKMARK [3][-]{subsubsection.3.2.2}{\376\377\000G\000B\000M\000\137\000U\000S\000\137\000N\000S\000S\000P\000\137\000p\000u\000b\000l\000i\000c\000\137\000s\000t\000a\000t\000e\000\137\000p\000c\000t\000.\000i\000p\000y\000n\000b}{subsection.3.2}% 17
\BOOKMARK [3][-]{subsubsection.3.2.3}{\376\377\000G\000B\000Q\000R\000\137\000f\000o\000r\000e\000c\000a\000s\000t\000i\000n\000g\000\137\000p\000l\000o\000t\000.\000R}{subsection.3.2}% 18
\BOOKMARK [1][-]{section.4}{\376\377\000M\000i\000s\000c\000e\000l\000l\000a\000n\000e\000o\000u\000s}{}% 19
\BOOKMARK [2][-]{subsection.4.1}{\376\377\000T\000a\000y\000l\000o\000r\000\040\000p\000o\000l\000y\000n\000o\000m\000i\000a\000l\000s\000\040\000f\000o\000r\000\040\000f\000o\000r\000e\000c\000a\000s\000t\000i\000n\000g}{section.4}% 20
